C51 COMPILER V9.00   MAIN                                                                  05/30/2021 17:14:17 PAGE 1   


C51 COMPILER V9.00, COMPILATION OF MODULE MAIN
OBJECT MODULE PLACED IN ..\out\main.obj
COMPILER INVOKED BY: D:\Keil\C51\BIN\C51.EXE ..\src\main.c BROWSE INCDIR(..\inc) DEBUG OBJECTEXTEND PRINT(.\main.lst) OB
                    -JECT(..\out\main.obj)

line level    source

   1          #include<config.h>
   2          #include<STEENG.h>
   3          #include<findway.h>
   4          #include<motor.h>
   5          
   6          void Delay(int n){
   7   1          int i,j;
   8   1          for(i=0;i<n;i++) {
   9   2              for(j=0;j<200;j++);
  10   2          }
  11   1      }
  12          void main(){
  13   1              Findway_Init();
  14   1              Com_Init();
  15   1              Motor_Init();
  16   1              while(1){
  17   2                      Findway_PID();
  18   2                      Findway_Deal();         
  19   2              }
  20   1      }


MODULE INFORMATION:   STATIC OVERLAYABLE
   CODE SIZE        =     55    ----
   CONSTANT SIZE    =   ----    ----
   XDATA SIZE       =   ----    ----
   PDATA SIZE       =   ----    ----
   DATA SIZE        =   ----    ----
   IDATA SIZE       =   ----    ----
   BIT SIZE         =   ----    ----
END OF MODULE INFORMATION.


C51 COMPILATION COMPLETE.  0 WARNING(S),  0 ERROR(S)
