C51 COMPILER V9.00   MOTOR                                                                 05/30/2021 17:14:17 PAGE 1   


C51 COMPILER V9.00, COMPILATION OF MODULE MOTOR
OBJECT MODULE PLACED IN ..\out\motor.obj
COMPILER INVOKED BY: D:\Keil\C51\BIN\C51.EXE ..\src\motor.c BROWSE INCDIR(..\inc) DEBUG OBJECTEXTEND PRINT(.\motor.lst) 
                    -OBJECT(..\out\motor.obj)

line level    source

   1          #include<config.h>
   2          #include<motor.h>
   3          
   4          uchar V=90;     //V越大速度越慢
   5          uchar Enum=0;
   6          
   7          void Motor_Init(){
   8   1              TMOD |= 0x11;
   9   1              TH1   = 0xff; //重装时间常数 0.1ms
  10   1              TL1   = 0Xa4;
  11   1      
  12   1              EA    = 1;
  13   1              ET1   = 1;
  14   1              TR1   = 1;
  15   1      }
  16          void Motor_Fast(uchar cmd){
  17   1              V=0;
  18   1              V=V+cmd;
  19   1              if(V>100) V=100;
  20   1      }
  21          void Motor_Go(uchar cmd){
  22   1              V=70;
  23   1              V=V+cmd;
  24   1              if(V>150) V=150;
  25   1      }
  26          void Motor_Slow(uchar cmd){
  27   1              V=130;
  28   1              V=V+cmd;
  29   1              if(V>160) V=160;
  30   1      }
  31          void Motor_Stop(){
  32   1              V=200;
  33   1      }
  34          void Time1_Init() interrupt 3{
  35   1              TR1       = 0;
  36   1              TH1   = 0Xff;
  37   1              TL1   = 0Xa4;
  38   1              if(Enum <= V){
  39   2                      Motor_PWM = 1; 
  40   2              }
  41   1              else{
  42   2                      Motor_PWM = 0;  
  43   2              }
  44   1              Enum++;
  45   1              if(Enum >= 200){//T = 20ms清零 
  46   2                      Enum = 0; 
  47   2              }
  48   1              TR1       = 1;
  49   1      }


MODULE INFORMATION:   STATIC OVERLAYABLE
   CODE SIZE        =    115    ----
   CONSTANT SIZE    =   ----    ----
C51 COMPILER V9.00   MOTOR                                                                 05/30/2021 17:14:17 PAGE 2   

   XDATA SIZE       =   ----    ----
   PDATA SIZE       =   ----    ----
   DATA SIZE        =      2    ----
   IDATA SIZE       =   ----    ----
   BIT SIZE         =   ----    ----
END OF MODULE INFORMATION.


C51 COMPILATION COMPLETE.  0 WARNING(S),  0 ERROR(S)
