C51 COMPILER V9.00   STEENG                                                                05/30/2021 17:14:17 PAGE 1   


C51 COMPILER V9.00, COMPILATION OF MODULE STEENG
OBJECT MODULE PLACED IN ..\out\STEENG.obj
COMPILER INVOKED BY: D:\Keil\C51\BIN\C51.EXE ..\src\STEENG.C BROWSE INCDIR(..\inc) DEBUG OBJECTEXTEND PRINT(.\STEENG.lst
                    -) OBJECT(..\out\STEENG.obj)

line level    source

   1          #include <config.h>
   2          #include<STEENG.h>
   3           
   4          uchar count = 0;
   5          uchar SEV_conut = 10;
   6          uchar flag20ms = 0;//20ms标志
   7          
   8          uchar Timer(){
   9   1              if(flag20ms==50)
  10   1                      flag20ms=0;      //1s内时间核对，会有一定BUG，希望后来人研究研究改进
  11   1              return  flag20ms;
  12   1      }
  13          
  14          void right(uchar SEV){
  15   1              SEV_conut=10;
  16   1              if(SEV>3)SEV=3;  //本人小车最大偏角，车转角大可以调大范围
  17   1              SEV_conut=SEV_conut+SEV;
  18   1      } 
  19          void lift(uchar SEV){
  20   1              SEV_conut=10;
  21   1              if(SEV>3)SEV=3;  //本人小车最大偏角，车转角大可以调大范围
  22   1              SEV_conut=SEV_conut-SEV;
  23   1      }
  24          void Go(){
  25   1              SEV_conut=10;
  26   1      }
  27                  /*定时器T0初始化*/
  28          void Com_Init(){
  29   1          TMOD &= 0x00;
  30   1          TMOD |= 0x01; //定时器T0设置成方式1
  31   1       
  32   1          TH0 = 0xff;   //定时常数 0.1ms 晶振为11.0592MHz
  33   1          TL0 = 0xa4;
  34   1       
  35   1          ET0 = 1;      
  36   1          TR0 = 1; 
  37   1              EA=1; 
  38   1              }
  39                  
  40                  /*T0中断初始化*/
  41          void Time0_Init() interrupt 1{
  42   1              TR0 = 0; 
  43   1              TH0 = 0xff; //重装时间常数 0.1ms
  44   1              TL0 = 0xa4;
  45   1              
  46   1              if(count <= SEV_conut){//5==0° 10==90°
  47   2                      SEV_PWM = 1; 
  48   2              }
  49   1              else{ 
  50   2                      SEV_PWM = 0; 
  51   2              }
  52   1              count++;
  53   1              if(count >= 200){//T = 20ms清零 
  54   2                      count = 0;
C51 COMPILER V9.00   STEENG                                                                05/30/2021 17:14:17 PAGE 2   

  55   2                      flag20ms++; 
  56   2              }
  57   1              TR0 = 1; //开启T0
  58   1      }


MODULE INFORMATION:   STATIC OVERLAYABLE
   CODE SIZE        =    115    ----
   CONSTANT SIZE    =   ----    ----
   XDATA SIZE       =   ----    ----
   PDATA SIZE       =   ----    ----
   DATA SIZE        =      3    ----
   IDATA SIZE       =   ----    ----
   BIT SIZE         =   ----    ----
END OF MODULE INFORMATION.


C51 COMPILATION COMPLETE.  0 WARNING(S),  0 ERROR(S)
